<?xml version="1.0" encoding="UTF-8"?>
<testng-results ignored="0" total="1" passed="1" failed="0" skipped="0">
  <reporter-output>
  </reporter-output>
  <suite started-at="2022-07-26T17:18:18 IST" name="Default suite" finished-at="2022-07-26T17:18:59 IST" duration-ms="41264">
    <groups>
    </groups>
    <test started-at="2022-07-26T17:18:18 IST" name="Default test" finished-at="2022-07-26T17:18:59 IST" duration-ms="41264">
      <class name="KavitaChonkar.Appium.AppiumBasic">
        <test-method is-config="true" signature="ConfigureAppium()[pri:0, instance:KavitaChonkar.Appium.AppiumBasic@f5acb9d]" started-at="2022-07-26T17:18:18 IST" name="ConfigureAppium" finished-at="2022-07-26T17:18:43 IST" duration-ms="24961" status="PASS">
          <reporter-output>
          </reporter-output>
        </test-method> <!-- ConfigureAppium -->
        <test-method signature="Misc2Test()[pri:0, instance:KavitaChonkar.Appium.AppiumBasic@f5acb9d]" started-at="2022-07-26T17:18:43 IST" name="Misc2Test" finished-at="2022-07-26T17:18:58 IST" duration-ms="15530" status="PASS">
          <reporter-output>
          </reporter-output>
        </test-method> <!-- Misc2Test -->
        <test-method is-config="true" signature="tearDown()[pri:0, instance:KavitaChonkar.Appium.AppiumBasic@f5acb9d]" started-at="2022-07-26T17:18:58 IST" name="tearDown" finished-at="2022-07-26T17:18:59 IST" duration-ms="685" status="PASS">
          <reporter-output>
          </reporter-output>
        </test-method> <!-- tearDown -->
      </class> <!-- KavitaChonkar.Appium.AppiumBasic -->
    </test> <!-- Default test -->
  </suite> <!-- Default suite -->
</testng-results>
